<?xml version="1.0" encoding="UTF-8"?>
<!-- Generated by org.testng.reporters.JUnitReportReporter -->
<testsuite skipped="0" hostname="DESKTOP-D6RN497" name="com.crm.qa.testdata.LoginPageTest" tests="3" failures="0" timestamp="13 Mar 2018 19:05:55 GMT" time="39.097" errors="0">
  <testcase name="loginPageTitleTest" time="9.812" classname="com.crm.qa.testdata.LoginPageTest"/>
  <testcase name="crmLogoTest" time="10.082" classname="com.crm.qa.testdata.LoginPageTest"/>
  <testcase name="loginTest" time="19.203" classname="com.crm.qa.testdata.LoginPageTest"/>
</testsuite> <!-- com.crm.qa.testdata.LoginPageTest -->
