<?xml version="1.0" encoding="UTF-8"?>
<!-- Generated by org.testng.reporters.JUnitReportReporter -->
<testsuite skipped="0" hostname="DESKTOP-D6RN497" name="com.crm.qa.testcases.LoginPageTest" tests="3" failures="0" timestamp="14 Mar 2018 08:03:21 GMT" time="35.505" errors="0">
  <testcase name="loginPageTitleTest" time="8.704" classname="com.crm.qa.testcases.LoginPageTest"/>
  <testcase name="crmLogoTest" time="8.544" classname="com.crm.qa.testcases.LoginPageTest"/>
  <testcase name="loginTest" time="18.257" classname="com.crm.qa.testcases.LoginPageTest"/>
</testsuite> <!-- com.crm.qa.testcases.LoginPageTest -->
